8.227115e-001 1.374058e+000
0.000000e+000 3.697031e+000
6.829570e-001 1.763860e+000
4.789322e-001 2.337434e+000
1.344877e-001 3.313862e+000
3.274238e-001 2.765646e+000
3.274238e-001 2.765646e+000
6.865959e-001 1.754759e+000
4.144541e-001 2.519320e+000
6.936064e-001 1.735482e+000
4.334818e-001 2.465627e+000
1.322847e-001 3.319949e+000
1.370060e-002 3.656934e+000
4.219406e-001 2.500367e+000
1.613306e-002 3.650058e+000
3.617068e-001 2.669046e+000
1.062323e-001 3.393432e+000
1.299494e-001 3.326440e+000
4.502000e-001 2.418771e+000
4.701614e-001 2.365812e+000
1.220991e-001 3.348684e+000
4.765230e-001 2.348917e+000
4.235797e-001 2.493610e+000
7.154744e-001 1.678870e+000
7.788553e-002 3.479121e+000
7.608214e-001 1.548237e+000
7.579224e-001 1.554406e+000
4.403736e-001 2.450936e+000
3.870153e-001 2.597462e+000
4.368731e-001 2.456309e+000
7.659575e-001 1.533286e+000
4.629289e-001 2.382423e+000
1.041735e-001 3.401003e+000
4.026699e-001 2.555645e+000
7.778949e-001 1.498662e+000
3.696968e-001 2.646523e+000
8.165268e-001 1.392563e+000
9.533980e-002 3.424323e+000
1.242969e-001 3.342412e+000
4.165230e-001 2.514385e+000
4.674324e-001 2.370747e+000
3.516133e-001 2.697181e+000
7.935079e-001 1.454820e+000
3.987383e-001 2.564182e+000
8.794350e-003 3.677002e+000
4.003585e-001 2.561110e+000
1.268401e-002 3.665662e+000
7.256897e-001 1.649936e+000
6.844954e-001 1.762048e+000
7.933115e-001 1.459630e+000
7.270775e-001 1.640133e+000
3.759626e-001 2.628870e+000
7.760424e-001 1.506542e+000
4.357473e-001 2.459274e+000
4.724087e-001 2.355860e+000
3.496375e-001 2.704976e+000
3.944512e-001 2.579190e+000
4.532754e-001 2.410368e+000
3.448365e-001 2.716427e+000
7.161815e-002 3.491976e+000
4.758087e-001 2.352794e+000
3.967394e-002 3.582791e+000
6.638651e-002 3.508732e+000
7.050443e-001 1.702668e+000
4.786154e-001 2.338246e+000
4.426421e-001 2.440661e+000
3.665370e-001 2.654887e+000
7.343844e-002 3.486904e+000
4.203599e-002 3.581989e+000
7.494368e-001 1.577637e+000
7.380165e-001 1.610560e+000
5.738877e-002 3.533105e+000
6.895132e-001 1.745500e+000
9.252540e-002 3.432408e+000
7.446271e-001 1.591585e+000
3.601740e-001 2.675755e+000
4.603276e-001 2.390372e+000
4.526732e-001 2.415226e+000
4.200391e-003 3.691895e+000
8.583652e-004 3.693549e+000
3.726029e-001 2.637768e+000
7.427535e-001 1.596419e+000
2.156793e-002 3.637626e+000
8.031669e-002 3.467532e+000
8.180164e-001 1.388265e+000
7.475807e-001 1.583309e+000
7.733984e-001 1.511008e+000
7.170694e-001 1.669024e+000
1.021919e-002 3.666732e+000
7.479127e-002 3.482734e+000
7.326993e-001 1.627652e+000
1.203773e-001 3.353857e+000
4.185127e-001 2.510480e+000
4.713326e-001 2.359029e+000
2.238081e-002 3.632193e+000
7.118759e-001 1.685575e+000
9.441440e-002 3.428777e+000
8.023556e-001 1.430279e+000
3.395403e-001 2.733135e+000
4.659870e-001 2.374174e+000
8.012791e-001 1.436583e+000
8.440586e-002 3.456867e+000
3.800340e-001 2.620178e+000
4.094934e-001 2.533883e+000
5.564520e-002 3.540461e+000
7.517695e-001 1.573484e+000
7.086389e-001 1.691981e+000
7.191715e-001 1.663277e+000
7.407024e-001 1.602919e+000
7.529792e-001 1.572256e+000
3.560455e-001 2.684480e+000
7.699910e-001 1.521626e+000
5.051564e-002 3.554995e+000
5.214009e-002 3.548317e+000
3.955723e-001 2.573435e+000
8.009434e-001 1.442114e+000
3.640826e-001 2.662893e+000
3.295452e-002 3.605648e+000
4.601533e-001 2.391738e+000
6.235231e-002 3.518514e+000
8.852736e-002 3.446922e+000
2.386710e-002 3.627825e+000
8.141379e-001 1.397905e+000
3.405809e-001 2.729476e+000
8.100568e-001 1.411007e+000
1.106169e-001 3.382811e+000
5.445600e-002 3.545478e+000
7.303241e-001 1.637060e+000
7.965595e-001 1.448978e+000
7.216727e-001 1.655925e+000
3.474304e-001 2.711955e+000
9.235388e-003 3.672418e+000
4.513192e-002 3.567173e+000
3.567711e-001 2.684415e+000
8.121852e-001 1.406960e+000
7.799430e-001 1.496674e+000
1.264349e-001 3.336304e+000
3.689232e-001 2.648115e+000
5.230471e-003 3.680885e+000
4.754518e-003 3.687471e+000
9.953764e-002 3.414435e+000
7.313878e-001 1.629012e+000
5.821027e-002 3.530162e+000
8.088439e-001 1.412166e+000
3.340113e-001 2.747456e+000
6.807008e-002 3.505451e+000
9.160349e-002 3.438286e+000
3.804306e-001 2.616236e+000
4.300672e-001 2.477546e+000
7.540847e-001 1.564804e+000
3.676794e-001 2.654823e+000
4.109055e-001 2.530941e+000
1.025557e-001 3.404071e+000
9.836819e-002 3.419397e+000
1.191239e-001 3.356758e+000
4.203236e-001 2.508683e+000
2.575849e-002 3.627017e+000
6.914431e-001 1.743410e+000
3.501975e-001 2.700991e+000
3.840567e-001 2.605780e+000
1.021808e-001 3.408875e+000
8.191932e-001 1.383213e+000
8.215012e-001 1.376885e+000
4.575832e-001 2.397521e+000
1.009317e-001 3.412752e+000
7.344709e-001 1.621242e+000
4.446396e-002 3.569737e+000
4.570008e-001 2.402189e+000
2.900573e-002 3.617560e+000
3.640826e-001 2.662893e+000
3.537912e-001 2.691156e+000
7.982302e-001 1.442935e+000
7.829465e-001 1.488048e+000
1.112887e-001 3.380713e+000
3.328016e-001 2.756410e+000
3.298236e-001 2.760688e+000
5.989159e-002 3.526363e+000
1.085299e-001 3.387560e+000
7.682716e-001 1.527331e+000
7.568402e-001 1.559063e+000
3.328663e-001 2.756299e+000
1.083806e-001 3.389081e+000
7.725752e-002 3.481210e+000
8.639899e-002 3.450540e+000
8.031669e-002 3.467532e+000
1.344877e-001 3.313862e+000
7.419691e-001 1.601619e+000
3.116658e-002 3.610280e+000
3.745568e-001 2.634136e+000
1.166500e-001 3.364537e+000
3.825708e-001 2.610704e+000
9.077140e-002 3.441058e+000
1.257127e-001 3.338522e+000
3.967379e-001 2.570674e+000
4.060366e-001 2.544116e+000
4.554501e-001 2.404398e+000
7.905495e-001 1.465547e+000
7.883863e-001 1.469444e+000
7.745136e-001 1.508056e+000
7.073646e-001 1.698545e+000
4.312428e-001 2.471970e+000
3.822407e-002 3.589637e+000
4.451210e-001 2.438609e+000
7.621583e-001 1.544148e+000
8.052580e-001 1.422265e+000
1.150326e-001 3.369320e+000
2.654368e-002 3.621979e+000
7.905495e-001 1.465547e+000
4.479511e-001 2.424913e+000
4.479511e-001 2.424913e+000
7.625665e-001 1.541346e+000
8.390974e-002 3.459114e+000
3.818228e-001 2.611641e+000
6.956759e-001 1.729767e+000
3.377716e-001 2.737484e+000
7.230428e-001 1.651467e+000
4.060366e-001 2.544116e+000
4.079006e-001 2.537923e+000
6.425876e-002 3.513095e+000
7.862489e-001 1.475280e+000
2.702635e-002 3.618838e+000
3.414479e-002 3.598866e+000
7.862489e-001 1.475280e+000
7.829678e-001 1.484542e+000
4.118479e-001 2.527031e+000
5.135720e-002 3.551760e+000
3.913115e-001 2.589758e+000
3.372324e-001 2.738133e+000
8.132773e-001 1.405857e+000
1.836591e-002 3.646040e+000
4.275102e-001 2.485736e+000
4.256582e-001 2.488483e+000
1.134687e-001 3.374154e+000
1.134687e-001 3.374154e+000
8.040462e-001 1.428439e+000
7.486000e-001 1.582270e+000
4.460073e-001 2.430227e+000
7.843092e-001 1.480620e+000
4.649298e-001 2.379601e+000
4.460073e-001 2.430227e+000
6.235231e-002 3.518514e+000
7.814852e-001 1.493109e+000
7.176406e-001 1.668423e+000
4.292772e-001 2.479958e+000
7.973063e-001 1.444655e+000
5.989159e-002 3.526363e+000
3.474304e-001 2.711955e+000
4.321573e-002 3.574709e+000
7.540847e-001 1.564804e+000
7.696421e-001 1.525964e+000
3.418084e-001 2.724881e+000
7.714972e-001 1.516122e+000
7.018333e-001 1.714030e+000
8.214664e-002 3.462073e+000
7.036874e-001 1.706496e+000
4.118479e-001 2.527031e+000
4.040402e-001 2.550604e+000
3.891235e-001 2.594158e+000
7.374112e-001 1.611256e+000
8.072505e-001 1.416849e+000
4.408484e-001 2.445740e+000
7.076824e-001 1.698207e+000
3.438944e-001 2.722731e+000
3.414479e-002 3.598866e+000
7.444760e-001 1.591814e+000
7.016400e-002 3.496289e+000
7.134062e-001 1.681055e+000
7.654757e-001 1.540820e+000
7.021542e-001 1.710269e+000
3.640329e-002 3.593921e+000
7.883863e-001 1.469444e+000
8.072505e-001 1.416849e+000
1.281757e-001 3.331424e+000
3.640329e-002 3.593921e+000
7.348692e-001 1.620830e+000
3.922547e-001 2.582767e+000
7.714972e-001 1.516122e+000
6.425876e-002 3.513095e+000
3.174737e-002 3.607021e+000
4.312428e-001 2.471970e+000
7.002994e-001 1.718555e+000
3.914667e-001 2.589516e+000
8.887138e-002 3.442733e+000
3.589340e-001 2.678391e+000
3.850176e-001 2.604266e+000
3.891235e-001 2.594158e+000
7.189400e-001 1.663521e+000
3.342833e-001 2.746561e+000
4.864423e-002 3.559150e+000
1.180014e-001 3.360588e+000
1.154972e-001 3.368120e+000
6.993197e-001 1.722371e+000
8.639899e-002 3.450540e+000
6.956759e-001 1.729767e+000
6.973933e-001 1.725385e+000
3.739840e-001 2.635454e+000
7.309174e-001 1.636443e+000
7.086389e-001 1.691981e+000
1.939353e-002 3.640564e+000
4.450675e-001 2.439412e+000
7.238610e-001 1.650611e+000
4.704100e-002 3.562760e+000
3.922518e-001 2.582771e+000
3.443620e-001 2.721946e+000
4.704100e-002 3.562760e+000
7.005229e-001 1.716125e+000
7.370325e-001 1.618596e+000
7.119301e-001 1.685216e+000
8.052580e-001 1.422265e+000
7.568402e-001 1.559063e+000
3.589340e-001 2.678391e+000
7.651868e-001 1.541110e+000
3.357127e-001 2.742799e+000
4.079006e-001 2.537923e+000
3.817942e-002 3.590417e+000
4.321573e-002 3.574709e+000
4.643647e-001 2.380398e+000
6.973933e-001 1.725385e+000
7.371756e-001 1.618498e+000
1.843635e-002 3.645526e+000
5.468871e-002 3.540907e+000
7.216727e-001 1.655925e+000
6.891004e-002 3.502230e+000
9.836819e-002 3.419397e+000
6.914431e-001 1.743410e+000
2.970166e-002 3.613520e+000
4.864423e-002 3.559150e+000
3.782808e-001 2.625684e+000
8.214664e-002 3.462073e+000
7.035218e-001 1.708807e+000
3.357127e-001 2.742799e+000
3.275159e-001 2.765487e+000
4.256582e-001 2.488483e+000
5.230471e-003 3.680885e+000
7.810644e-001 1.493524e+000
7.016400e-002 3.496289e+000
8.141379e-001 1.397905e+000
1.178919e-001 3.362711e+000
4.275102e-001 2.485736e+000
7.843092e-001 1.480620e+000
