# This file contains the data of initial population
# of objectives = 2, # of constraints = 2, # of real_var = 2, # of bits of bin_var = 0, constr_violation, rank, crowding_distance
3.572373e-001	6.993111e-001	-9.337597e-001	-9.812400e-001	3.572373e-001	4.087071e-001	-1.915000e+000	314	1.000000e+014
6.950536e-001	6.916865e+000	-6.718234e-001	2.360399e+000	6.950536e-001	8.484384e+000	-6.718234e-001	63	1.000000e+014
1.287439e-001	9.554766e+000	2.732308e-001	4.459355e-001	1.287439e-001	9.730112e+000	0.000000e+000	2	3.819646e-001
5.241167e-001	5.892721e+000	-8.146044e-001	3.467258e+000	5.241167e-001	6.931616e+000	-8.146044e-001	134	1.000000e+014
6.632460e-001	7.830855e+000	-7.538606e-002	3.205989e+001	6.632460e-001	9.465467e+000	-7.538606e-002	13	1.000000e+014
7.535216e-001	2.778218e+000	2.070429e-001	-8.898545e-001	7.535216e-001	3.650103e+000	-8.898545e-001	168	1.000000e+014
4.538408e-001	7.489896e+000	-6.857909e-001	-7.969137e-001	4.538408e-001	8.574426e+000	-1.482705e+000	250	1.000000e+014
5.636882e-001	8.501699e+000	1.162669e+000	-7.738424e-001	5.636882e-001	9.990746e+000	-7.738424e-001	100	1.000000e+014
2.204014e-001	5.444625e+000	-6.602042e-001	-2.156584e-001	2.204014e-001	5.655801e+000	-8.758626e-001	160	1.000000e+014
9.981994e-001	1.219832e+000	8.024932e+000	-9.565716e-001	9.981994e-001	1.930020e+000	-9.565716e-001	194	1.000000e+014
7.850696e-001	1.718010e+000	2.087659e+000	8.577998e+006	7.850696e-001	2.336449e+000	0.000000e+000	2	1.000000e+014
1.386324e-001	2.189815e+000	-8.395828e-001	-9.308378e-001	1.386324e-001	1.814454e+000	-1.770421e+000	294	1.000000e+014
1.562571e-001	3.072134e+000	-3.587131e-001	-8.434094e-001	1.562571e-001	2.847505e+000	-1.202122e+000	214	1.000000e+014
7.623661e-001	7.692121e+000	2.393491e-001	2.293043e+002	7.623661e-001	9.524734e+000	0.000000e+000	5	1.000000e+014
7.999545e-001	4.363991e+000	-8.246259e-001	8.623933e-001	7.999545e-001	5.674721e+000	-8.246259e-001	141	1.000000e+014
8.408936e-001	3.237841e+000	-6.836213e-001	-8.366903e-001	8.408936e-001	4.361067e+000	-1.520312e+000	255	1.000000e+014
8.065511e-001	4.766397e+000	-8.373943e-001	1.228391e+002	8.065511e-001	6.171415e+000	-8.373943e-001	150	1.000000e+014
5.971281e-001	6.073934e+000	-8.108038e-001	-2.630506e-001	5.971281e-001	7.300205e+000	-1.073854e+000	200	1.000000e+014
1.117393e-001	2.905877e+000	-6.296523e-001	-7.789419e-001	1.117393e-001	2.534304e+000	-1.408594e+000	236	1.000000e+014
1.273763e-001	5.319922e+000	-4.600505e-001	-8.343911e-001	1.273763e-001	5.209254e+000	-1.294442e+000	227	1.000000e+014
2.693637e-001	1.522513e+000	-8.887890e-001	1.380017e+003	2.693637e-001	1.311603e+000	-8.887890e-001	167	1.000000e+014
1.655115e-001	7.663730e+000	-7.594665e-001	1.647441e+003	1.655115e-001	7.875770e+000	-7.594665e-001	90	1.000000e+014
6.116250e-001	5.049255e+000	-8.115929e-001	-7.900220e-001	6.116250e-001	6.138819e+000	-1.601615e+000	270	1.000000e+014
3.422931e-001	6.095104e+000	-7.954450e-001	7.841803e-001	3.422931e-001	6.720762e+000	-7.954450e-001	119	1.000000e+014
3.302484e-001	5.064500e+000	-6.661614e-001	1.409860e+003	3.302484e-001	5.533391e+000	-6.661614e-001	62	1.000000e+014
6.296331e-001	1.988852e+000	3.138655e-001	-9.192626e-001	6.296331e-001	2.466147e+000	-9.192626e-001	180	1.000000e+014
1.188738e-001	3.612283e+000	1.349491e+000	7.813891e+001	1.188738e-001	3.329701e+000	0.000000e+000	1	1.852977e-001
9.211306e-001	1.588340e+000	1.381244e+002	-8.854429e-001	9.211306e-001	2.343196e+000	-8.854429e-001	166	1.000000e+014
7.791208e-002	2.989926e+000	-6.330609e-001	1.451092e-001	7.791208e-002	2.513102e+000	-6.330609e-001	55	1.000000e+014
3.987234e-001	7.654961e+000	-6.805485e-001	-7.300931e-001	3.987234e-001	8.612719e+000	-1.410642e+000	237	1.000000e+014
2.706863e-001	5.315396e+000	-6.747191e-001	3.530642e+001	2.706863e-001	5.657853e+000	-6.747191e-001	65	1.000000e+014
1.423205e-001	6.720121e+000	-7.783357e-001	6.330559e+000	1.423205e-001	6.771830e+000	-7.783357e-001	104	1.000000e+014
6.223614e-001	1.629717e+000	-5.691942e-001	-7.976118e-001	6.223614e-001	1.994988e+000	-1.366806e+000	233	1.000000e+014
6.662638e-001	1.940264e+000	6.518468e-001	-7.952222e-001	6.662638e-001	2.458176e+000	-7.952222e-001	117	1.000000e+014
9.498063e-001	4.886778e+000	-8.432124e-001	-7.448310e-001	9.498063e-001	6.567815e+000	-1.588043e+000	265	1.000000e+014
5.483253e-001	1.997327e+000	-3.469571e-001	-9.458030e-001	5.483253e-001	2.353317e+000	-1.292760e+000	226	1.000000e+014
4.448603e-001	4.915823e+000	-7.289573e-001	-7.302281e-001	4.448603e-001	5.633689e+000	-1.459185e+000	244	1.000000e+014
5.384549e-001	1.072329e+000	-8.770547e-001	-8.443617e-001	5.384549e-001	1.147710e+000	-1.721416e+000	290	1.000000e+014
8.056623e-001	5.418490e+000	-8.283856e-001	1.257761e+002	8.056623e-001	6.949171e+000	-8.283856e-001	144	1.000000e+014
2.351266e-001	9.095801e-001	-9.300702e-001	-8.766581e-003	2.351266e-001	5.043096e-001	-9.388368e-001	191	1.000000e+014
6.844540e-001	5.669925e+000	-8.227299e-001	-8.287543e-001	6.844540e-001	7.011632e+000	-1.651484e+000	280	1.000000e+014
4.012311e-001	6.263468e+000	-8.046032e-001	8.870574e+000	4.012311e-001	7.062002e+000	-8.046032e-001	126	1.000000e+014
5.702072e-001	7.351015e+000	-6.404554e-001	8.450151e+000	5.702072e-001	8.703214e+000	-6.404554e-001	58	1.000000e+014
6.642306e-001	7.771331e+000	-1.625284e-001	7.979775e+001	6.642306e-001	9.399585e+000	-1.625284e-001	16	1.000000e+014
9.747668e-001	3.826082e+000	-8.417198e-001	-4.620421e-001	9.747668e-001	5.305218e+000	-1.303762e+000	229	1.000000e+014
4.454755e-001	3.837487e-001	-9.432417e-001	-8.911622e-001	4.454755e-001	7.612752e-002	-1.834404e+000	302	1.000000e+014
1.775701e-001	8.332994e+000	-6.559573e-001	4.683229e-001	1.775701e-001	8.641440e+000	-6.559573e-001	61	1.000000e+014
7.210384e-001	7.278676e+000	-4.844393e-001	2.228219e+001	7.210384e-001	8.958286e+000	-4.844393e-001	39	1.000000e+014
7.206512e-001	1.713549e+000	2.291512e-001	2.517118e+001	7.206512e-001	2.242081e+000	0.000000e+000	1	1.000000e+014
7.317006e-002	5.329014e+000	-3.091639e-001	-8.660916e-001	7.317006e-002	4.991109e+000	-1.175255e+000	208	1.000000e+014
5.366308e-001	8.367351e+000	2.854191e-001	-7.694370e-001	5.366308e-001	9.771591e+000	-7.694370e-001	95	1.000000e+014
9.512187e-002	5.271785e+000	-3.269329e-001	-8.635771e-001	9.512187e-002	5.029082e+000	-1.190510e+000	212	1.000000e+014
9.451791e-001	3.984561e+000	-8.414880e-001	-8.414693e-001	9.451791e-001	5.454515e+000	-1.682957e+000	284	1.000000e+014
7.176427e-001	4.983927e+000	-8.290024e-001	1.874355e+001	7.176427e-001	6.267699e+000	-8.290024e-001	145	1.000000e+014
5.080916e-002	6.117395e+000	-6.727928e-001	4.302600e+000	5.080916e-002	5.700890e+000	-6.727928e-001	64	1.000000e+014
1.379536e-001	3.044703e+000	-4.567456e-001	-7.907948e-001	1.379536e-001	2.765435e+000	-1.247540e+000	219	1.000000e+014
8.682016e-001	3.041799e+000	-6.478547e-001	-1.835985e-001	8.682016e-001	4.157964e+000	-8.314532e-001	146	1.000000e+014
2.630736e-001	3.748853e+000	7.564751e+001	-8.069734e-001	2.630736e-001	3.882152e+000	-8.069734e-001	130	1.000000e+014
2.781766e-001	8.847401e+000	-2.030413e-001	2.381767e+000	2.781766e-001	9.561445e+000	-2.030413e-001	18	1.000000e+014
7.265328e-001	3.737740e+000	-7.051324e-001	-4.263479e-001	7.265328e-001	4.788476e+000	-1.131480e+000	207	1.000000e+014
4.420557e-001	1.628635e+000	-8.093568e-001	-9.259856e-001	4.420557e-001	1.726476e+000	-1.735342e+000	293	1.000000e+014
4.506954e-001	1.205410e+000	-8.837448e-001	-9.683111e-001	4.506954e-001	1.201507e+000	-1.852056e+000	308	1.000000e+014
5.711662e-001	1.230775e+000	-8.335081e-001	-7.697953e-001	5.711662e-001	1.402098e+000	-1.603303e+000	271	1.000000e+014
9.419521e-001	4.580936e+000	-8.489597e-001	-8.633349e-001	9.419521e-001	6.181899e+000	-1.712295e+000	288	1.000000e+014
9.930034e-001	2.749459e+000	-7.105421e-001	7.532423e+001	9.930034e-001	3.971283e+000	-7.105421e-001	71	1.000000e+014
1.788924e-001	7.532269e+000	-7.671221e-001	1.700426e+011	1.788924e-001	7.785961e+000	-7.671221e-001	94	1.000000e+014
1.843174e-001	4.769171e+000	-3.857610e-002	3.192648e+001	1.843174e-001	4.803420e+000	-3.857610e-002	10	1.000000e+014
5.465004e-001	3.552961e+000	-2.390912e-002	8.684965e+004	5.465004e-001	4.246197e+000	-2.390912e-002	9	1.000000e+014
5.330295e-001	2.461482e+000	2.192505e+000	-7.123634e-001	5.330295e-001	2.904038e+000	-7.123634e-001	72	1.000000e+014
3.071336e-001	4.483960e+000	-2.438323e-001	1.461321e+000	3.071336e-001	4.821062e+000	-2.438323e-001	20	1.000000e+014
3.860540e-001	8.792631e+000	2.479479e-001	9.056128e+007	3.860540e-001	9.838140e+000	0.000000e+000	4	1.000000e+000
2.482340e-001	9.031406e-001	-9.298655e-001	-5.366218e-001	2.482340e-001	5.167422e-001	-1.466487e+000	247	1.000000e+014
3.419725e-003	9.170841e+000	-5.341502e-001	4.108355e+001	3.419725e-003	8.349652e+000	-5.341502e-001	44	1.000000e+014
7.268747e-001	5.963085e+000	-8.053932e-001	-8.261390e-001	7.268747e-001	7.439933e+000	-1.631532e+000	276	1.000000e+014
1.498722e-001	7.423785e+000	-7.754435e-001	5.416246e+005	1.498722e-001	7.556187e+000	-7.754435e-001	103	1.000000e+014
7.786991e-001	4.715452e+000	-8.327255e-001	2.084694e+003	7.786991e-001	6.060182e+000	-8.327255e-001	148	1.000000e+014
8.016665e-002	1.617430e+000	-9.061538e-001	-9.177298e-001	8.016665e-002	1.019826e+000	-1.823884e+000	301	1.000000e+014
3.577384e-001	1.952153e+000	-7.742341e-001	7.164921e+001	3.577384e-001	1.985630e+000	-7.742341e-001	101	1.000000e+014
9.108045e-001	1.690927e-001	-8.994133e-001	-9.422484e-001	9.108045e-001	2.256619e-001	-1.841662e+000	304	1.000000e+014
3.986786e-001	1.270017e+000	-8.885327e-001	-9.526118e-001	3.986786e-001	1.208318e+000	-1.841144e+000	303	1.000000e+014
1.846133e-001	3.466114e+000	1.888978e+000	-5.890994e-001	1.846133e-001	3.363660e+000	-5.890994e-001	49	1.000000e+014
5.687029e-001	1.569399e+000	-7.142467e-001	-9.300624e-001	5.687029e-001	1.840350e+000	-1.644309e+000	278	1.000000e+014
1.541395e-001	8.383755e-001	-9.336124e-001	4.002426e+003	1.541395e-001	2.830953e-001	-9.336124e-001	184	1.000000e+014
8.165274e-001	3.078358e+000	-5.717712e-001	-8.419687e-001	8.165274e-001	4.123767e+000	-1.413740e+000	238	1.000000e+014
4.281084e-001	5.808034e+000	-8.022644e-001	2.825808e+005	4.281084e-001	6.613405e+000	-8.022644e-001	123	1.000000e+014
5.341833e-001	6.862460e+000	-7.589968e-001	3.222938e+002	5.341833e-001	8.062723e+000	-7.589968e-001	88	1.000000e+014
9.709141e-001	5.214236e+000	-8.261588e-001	-4.268560e-001	9.709141e-001	7.001485e+000	-1.253015e+000	220	1.000000e+014
8.360375e-001	6.562617e-001	-8.238487e-001	-9.787722e-001	8.360375e-001	9.248091e-001	-1.802621e+000	298	1.000000e+014
3.487127e-001	6.889954e+000	-7.880932e-001	-8.228131e-001	3.487127e-001	7.624123e+000	-1.610906e+000	272	1.000000e+014
3.726032e-001	2.186184e+000	-6.496172e-001	2.980130e+003	3.726032e-001	2.294054e+000	-6.496172e-001	60	1.000000e+014
9.193860e-001	1.481187e+000	1.135793e+001	-9.217654e-001	9.193860e-001	2.195112e+000	-9.217654e-001	181	1.000000e+014
8.721716e-001	1.474191e+000	2.297883e+000	-7.422339e-001	8.721716e-001	2.125150e+000	-7.422339e-001	82	1.000000e+014
8.425264e-001	1.187488e+000	-3.616838e-001	-8.712704e-001	8.425264e-001	1.694086e+000	-1.232954e+000	217	1.000000e+014
6.156145e-001	2.401109e+000	1.266345e+001	-9.359986e-001	6.156145e-001	2.963070e+000	-9.359986e-001	188	1.000000e+014
3.923609e-001	3.567635e+000	5.020397e+000	-8.043918e-001	3.923609e-001	3.963102e+000	-8.043918e-001	125	1.000000e+014
7.165021e-001	7.133087e+000	-5.717712e-001	5.794795e+000	7.165021e-001	8.780272e+000	-5.717712e-001	47	1.000000e+014
8.790252e-001	6.362704e+000	-6.922416e-001	1.859626e-001	8.790252e-001	8.207658e+000	-6.922416e-001	70	1.000000e+014
8.518707e-001	1.237790e+000	-1.797924e-001	-8.713048e-001	8.518707e-001	1.775417e+000	-1.051097e+000	198	1.000000e+014
2.773199e-001	3.396253e+000	9.869677e+000	-9.145037e-001	2.773199e-001	3.515257e+000	-9.145037e-001	178	1.000000e+014
1.673822e-001	7.237338e+000	-7.815614e-001	2.292133e+003	1.673822e-001	7.424843e+000	-7.815614e-001	107	1.000000e+014
3.781620e-001	8.793403e+000	1.939184e-001	4.323860e+010	3.781620e-001	9.815810e+000	0.000000e+000	4	1.000000e+014
7.772691e-001	4.055924e+000	-7.941377e-001	-3.848718e-001	7.772691e-001	5.262134e+000	-1.179010e+000	209	1.000000e+014
8.593131e-001	2.820414e+000	-4.975014e-001	1.669237e+000	8.593131e-001	3.865070e+000	-4.975014e-001	40	1.000000e+014
2.079950e-001	8.460088e+000	-5.941430e-001	1.209262e+000	2.079950e-001	8.894676e+000	-5.941430e-001	50	1.000000e+014
5.152120e-001	4.758118e-001	-9.352675e-001	2.340173e+000	5.152120e-001	2.915439e-001	-9.352675e-001	187	1.000000e+014
2.951900e-001	6.700851e+000	-7.949337e-001	-8.325014e-001	2.951900e-001	7.262592e+000	-1.627435e+000	275	1.000000e+014
6.317772e-003	8.016981e+000	-7.557331e-001	-8.019141e-001	6.317772e-003	7.245216e+000	-1.557647e+000	261	1.000000e+014
4.681112e-001	3.966711e+000	-2.811642e-001	-7.121996e-001	4.681112e-001	4.583389e+000	-9.933638e-001	197	1.000000e+014
7.479371e-001	2.523778e+000	2.489914e+000	-8.016884e-001	7.479371e-001	3.321642e+000	-8.016884e-001	122	1.000000e+014
9.765978e-001	5.627060e+000	-7.859015e-001	7.577251e+000	9.765978e-001	7.509896e+000	-7.859015e-001	110	1.000000e+014
4.650017e-001	2.183363e+000	-4.137103e-001	-4.057917e-001	4.650017e-001	2.449945e+000	-8.195020e-001	139	1.000000e+014
6.856241e-001	2.210932e+000	1.666590e+001	-8.699851e-001	6.856241e-001	2.831785e+000	-8.699851e-001	158	1.000000e+014
5.526023e-001	4.457130e-001	-9.340587e-001	1.165813e+003	5.526023e-001	2.900321e-001	-9.340587e-001	185	1.000000e+014
4.447007e-001	7.362895e+000	-7.164164e-001	-7.830194e-001	4.447007e-001	8.408354e+000	-1.499436e+000	252	1.000000e+014
4.495306e-001	7.741156e+000	-6.180012e-001	-8.003758e-001	4.495306e-001	8.844859e+000	-1.418377e+000	239	1.000000e+014
4.592451e-001	2.209268e+000	-3.989037e-001	-7.807317e-002	4.592451e-001	2.472004e+000	-4.769769e-001	38	1.000000e+014
3.434488e-001	8.457479e+000	-3.987423e-001	1.924168e+005	3.434488e-001	9.342154e+000	-3.987423e-001	28	1.000000e+014
1.931268e-001	2.354207e+000	-7.753511e-001	-8.877898e-001	1.931268e-001	2.131935e+000	-1.663141e+000	282	1.000000e+014
1.476500e-001	7.327453e+000	-7.790849e-001	4.409599e+014	1.476500e-001	7.444038e+000	-7.790849e-001	105	1.000000e+014
3.841875e-001	3.953118e+000	3.835929e-001	-8.994404e-001	3.841875e-001	4.392464e+000	-8.994404e-001	173	1.000000e+014
8.676774e-001	7.602789e+000	1.164245e+000	-5.565561e-001	8.676774e-001	9.641428e+000	-5.565561e-001	46	1.000000e+014
4.157631e-001	5.692874e+000	-7.952843e-001	3.579193e+004	4.157631e-001	6.453205e+000	-7.952843e-001	118	1.000000e+014
2.515004e-001	5.972542e+000	-7.647432e-001	-7.551679e-001	2.515004e-001	6.330327e+000	-1.519911e+000	254	1.000000e+014
1.934011e-001	5.265422e+000	-5.603409e-001	-2.059661e-001	1.934011e-001	5.375873e+000	-7.663071e-001	93	1.000000e+014
2.992684e-001	1.622948e+000	-8.706866e-001	1.355915e+002	2.992684e-001	1.485385e+000	-8.706866e-001	159	1.000000e+014
8.326192e-001	3.851970e+000	-7.973471e-001	-8.903276e-001	8.326192e-001	5.106904e+000	-1.687675e+000	286	1.000000e+014
7.178516e-001	6.957579e+000	-6.405187e-001	6.560357e-001	7.178516e-001	8.579984e+000	-6.405187e-001	59	1.000000e+014
9.189169e-001	5.574824e+000	-8.057276e-001	1.202743e+003	9.189169e-001	7.343806e+000	-8.057276e-001	128	1.000000e+014
4.338203e-001	5.187344e+000	-7.619355e-001	4.259690e-001	4.338203e-001	5.919980e+000	-7.619355e-001	92	1.000000e+014
6.661863e-001	1.383773e+000	-6.769532e-001	1.610365e+001	6.661863e-001	1.733135e+000	-6.769532e-001	66	1.000000e+014
6.034506e-002	2.066081e+000	-8.760141e-001	-9.476107e-001	6.034506e-002	1.450638e+000	-1.823625e+000	300	1.000000e+014
1.310244e-001	5.948318e+000	-6.995008e-001	-7.980671e-001	1.310244e-001	5.899080e+000	-1.497568e+000	251	1.000000e+014
4.275126e-001	6.701358e+000	-7.917690e-001	2.844337e-001	4.275126e-001	7.621164e+000	-7.917690e-001	113	1.000000e+014
5.905547e-001	7.632832e-001	-9.031235e-001	1.620436e+002	5.905547e-001	7.920108e-001	-9.031235e-001	174	1.000000e+014
2.166108e-001	7.837325e+000	-7.293652e-001	1.020564e+006	2.166108e-001	8.253062e+000	-7.293652e-001	76	1.000000e+014
2.103498e-001	8.002371e-001	-9.343556e-001	3.844773e-001	2.103498e-001	3.289583e-001	-9.343556e-001	186	1.000000e+014
8.280593e-001	7.279791e+000	-1.940745e-001	-6.608574e-001	8.280593e-001	9.183704e+000	-8.549319e-001	154	1.000000e+014
9.543113e-001	3.825024e+000	-8.368089e-001	-6.994986e-001	9.543113e-001	5.271429e+000	-1.536308e+000	257	1.000000e+014
8.276257e-001	2.682425e+000	-1.877934e-001	5.062789e-001	8.276257e-001	3.642616e+000	-1.877934e-001	17	1.000000e+014
8.182217e-001	4.566848e+000	-8.355974e-001	2.946816e+000	8.182217e-001	5.951830e+000	-8.355974e-001	149	1.000000e+014
8.527026e-001	1.216151e+000	-2.328655e-001	-8.871347e-001	8.527026e-001	1.746490e+000	-1.120000e+000	204	1.000000e+014
2.762171e-001	7.643711e+000	-7.363195e-001	1.763790e+001	2.762171e-001	8.241408e+000	-7.363195e-001	79	1.000000e+014
3.141814e-001	1.337633e+000	-8.980069e-001	-2.135053e-001	3.141814e-001	1.161759e+000	-1.111512e+000	203	1.000000e+014
7.535409e-001	3.928862e+000	-7.655033e-001	-3.256291e-001	7.535409e-001	5.067027e+000	-1.091132e+000	201	1.000000e+014
4.310104e-001	5.461551e+000	-7.859940e-001	1.962602e+001	4.310104e-001	6.226388e+000	-7.859940e-001	111	1.000000e+014
6.844890e-002	5.622402e+000	-5.200320e-001	-7.782880e-001	6.844890e-002	5.277931e+000	-1.298320e+000	228	1.000000e+014
5.588813e-001	7.657850e+000	-5.255888e-001	-2.354975e-001	5.588813e-001	9.024854e+000	-7.610863e-001	91	1.000000e+014
6.573276e-001	7.708881e+000	-2.673054e-001	1.061903e+002	6.573276e-001	9.312469e+000	-2.673054e-001	21	1.000000e+014
5.877038e-001	6.064957e+000	-8.115708e-001	-4.524603e-002	5.877038e-001	7.269501e+000	-8.568168e-001	155	1.000000e+014
2.971891e-001	1.276669e+000	-9.054822e-001	1.074682e-001	2.971891e-001	1.058898e+000	-9.054822e-001	176	1.000000e+014
3.657754e-001	1.733378e+000	-8.272776e-001	8.565088e-001	3.657754e-001	1.733257e+000	-8.272776e-001	143	1.000000e+014
4.810467e-001	4.760720e+000	-7.259820e-001	-8.749824e-001	4.810467e-001	5.533556e+000	-1.600964e+000	269	1.000000e+014
9.799166e-001	2.293328e+000	-3.949583e-001	-6.054248e-002	9.799166e-001	3.360413e+000	-4.555007e-001	35	1.000000e+014
4.416345e-001	5.697058e-001	-9.352633e-001	-9.479238e-001	4.416345e-001	3.385761e-001	-1.883187e+000	310	1.000000e+014
6.047355e-001	5.098003e+000	-8.121506e-001	-8.271480e-001	6.047355e-001	6.182047e+000	-1.639299e+000	277	1.000000e+014
6.802794e-001	7.302216e-001	-8.840788e-001	9.427659e+000	6.802794e-001	8.529530e-001	-8.840788e-001	164	1.000000e+014
2.351760e-001	5.269723e+000	-6.225767e-001	3.900284e+000	2.351760e-001	5.506748e+000	-6.225767e-001	53	1.000000e+014
9.918962e-001	4.505390e+000	-8.522051e-001	-8.760737e-001	9.918962e-001	6.172707e+000	-1.728279e+000	291	1.000000e+014
5.721431e-001	5.751684e+000	-8.184807e-001	-6.479158e-001	5.721431e-001	6.874226e+000	-1.466396e+000	246	1.000000e+014
7.701851e-001	6.631118e+000	-6.957889e-001	-8.185663e-001	7.701851e-001	8.308695e+000	-1.514355e+000	253	1.000000e+014
2.850928e-003	4.408961e+000	2.175500e+002	-8.232514e-001	2.850928e-003	3.522509e+000	-8.232514e-001	140	1.000000e+014
9.194217e-001	5.449371e+000	-8.162310e-001	8.462174e+001	9.194217e-001	7.194164e+000	-8.162310e-001	136	1.000000e+014
3.702408e-002	6.027226e+000	-6.368301e-001	4.079667e+000	3.702408e-002	5.518491e+000	-6.368301e-001	56	1.000000e+014
2.747037e-001	8.695553e+000	-3.639948e-001	8.701514e+000	2.747037e-001	9.384538e+000	-3.639948e-001	24	1.000000e+014
6.182700e-001	7.841296e-001	-8.942437e-001	1.188145e+005	6.182700e-001	8.550837e-001	-8.942437e-001	171	1.000000e+014
7.937681e-001	5.983242e+000	-7.920687e-001	-4.901740e-001	7.937681e-001	7.595261e+000	-1.282243e+000	222	1.000000e+014
2.000170e-001	8.724262e+000	-4.863332e-001	-4.936364e-001	2.000170e-001	9.149036e+000	-9.799696e-001	196	1.000000e+014
7.674073e-001	7.570373e+000	-4.104444e-003	2.292084e+001	7.674073e-001	9.394730e+000	-4.104444e-003	7	1.000000e+014
7.255423e-001	6.721710e+000	-7.017330e-001	-5.858370e-001	7.255423e-001	8.322446e+000	-1.287570e+000	225	1.000000e+014
6.969107e-001	4.321760e+000	-7.864651e-001	5.273088e+005	6.969107e-001	5.440328e+000	-7.864651e-001	112	1.000000e+014
6.611826e-002	7.621476e+000	-7.710118e-001	4.016228e-001	6.611826e-002	7.365177e+000	-7.710118e-001	97	1.000000e+014
6.001409e-001	5.119480e+000	-8.120327e-001	-8.411120e-001	6.001409e-001	6.197878e+000	-1.653145e+000	281	1.000000e+014
7.161980e-001	4.831306e+000	-8.251177e-001	1.683223e+002	7.161980e-001	6.083714e+000	-8.251177e-001	142	1.000000e+014
8.394649e-001	5.673000e+000	-8.109673e-001	6.674849e+001	8.394649e-001	7.314997e+000	-8.109673e-001	133	1.000000e+014
6.203035e-001	3.069530e+000	9.539510e-001	-5.219992e-001	6.203035e-001	3.793978e+000	-5.219992e-001	43	1.000000e+014
3.130001e-001	7.217332e+000	-7.714529e-001	-6.736435e-001	3.130001e-001	7.884963e+000	-1.445096e+000	241	1.000000e+014
6.789191e-001	2.997717e-001	-9.311533e-001	-9.153565e-001	6.789191e-001	2.038139e-001	-1.846510e+000	306	1.000000e+014
5.720073e-001	3.423653e+000	8.522766e-002	2.264462e+003	5.720073e-001	4.137996e+000	0.000000e+000	4	1.000000e+014
2.810296e-001	5.943941e+000	-7.726497e-001	-5.039130e-001	2.810296e-001	6.384520e+000	-1.276563e+000	221	1.000000e+014
2.125093e-001	3.938428e+000	3.995386e+001	2.328401e+000	2.125093e-001	3.965683e+000	0.000000e+000	3	4.269785e-001
7.160922e-001	1.546495e+000	-3.311096e-001	4.026718e+002	7.160922e-001	2.016130e+000	-3.311096e-001	23	1.000000e+014
9.078248e-001	4.842705e-001	-8.264172e-001	-9.712868e-001	9.078248e-001	7.417183e-001	-1.797704e+000	297	1.000000e+014
6.141611e-001	2.827590e+000	6.776270e+000	-8.194655e-001	6.141611e-001	3.487776e+000	-8.194655e-001	138	1.000000e+014
6.350351e-001	7.750258e+000	-2.917622e-001	1.000746e+001	6.350351e-001	9.308869e+000	-2.917622e-001	22	1.000000e+014
2.756982e-001	5.410572e-001	-9.413879e-001	-9.768416e-001	2.756982e-001	8.899267e-002	-1.918229e+000	315	1.000000e+014
7.326782e-001	7.777770e+000	2.372136e-001	2.824937e+007	7.326782e-001	9.559229e+000	0.000000e+000	5	5.763150e-001
1.498816e-001	4.605566e+000	9.235927e-001	1.484752e+001	1.498816e-001	4.514717e+000	0.000000e+000	2	6.536974e-002
6.898509e-001	4.497706e+000	-8.001432e-001	1.558546e+004	6.898509e-001	5.637546e+000	-8.001432e-001	121	1.000000e+014
2.405025e-001	6.604097e+000	-7.908239e-001	-7.895443e-001	2.405025e-001	6.990351e+000	-1.580368e+000	263	1.000000e+014
6.232245e-001	2.187985e+000	2.033099e+000	-9.397811e-001	6.232245e-001	2.708195e+000	-9.397811e-001	192	1.000000e+014
6.362517e-001	5.967048e+000	-8.134246e-001	-7.839359e-001	6.362517e-001	7.259445e+000	-1.597360e+000	267	1.000000e+014
2.217017e-001	3.674013e+000	4.120427e+001	-6.150659e-001	2.217017e-001	3.694161e+000	-6.150659e-001	52	1.000000e+014
5.921551e-001	7.143082e+000	-6.830863e-001	2.540934e+003	5.921551e-001	8.517013e+000	-6.830863e-001	68	1.000000e+014
1.258452e-001	3.297273e+000	-1.018878e-001	3.090679e-001	1.258452e-001	3.007424e+000	-1.018878e-001	14	1.000000e+014
4.186297e-001	2.743188e+000	1.432423e+000	7.737981e+004	4.186297e-001	3.044379e+000	0.000000e+000	1	4.422941e-001
7.946554e-001	4.281327e+000	-8.186800e-001	2.941071e-001	7.946554e-001	5.565464e+000	-8.186800e-001	137	1.000000e+014
6.880114e-001	6.609505e+000	-7.426410e-001	-3.299048e-001	6.880114e-001	8.113546e+000	-1.072546e+000	199	1.000000e+014
1.101953e-001	5.996509e+000	-6.937437e-001	-6.772824e-001	1.101953e-001	5.866360e+000	-1.371026e+000	234	1.000000e+014
1.486692e-001	9.061953e+000	-3.561773e-001	-7.638728e-001	1.486692e-001	9.299369e+000	-1.120050e+000	205	1.000000e+014
1.524434e-001	3.834156e+000	1.953088e+001	9.910654e+001	1.524434e-001	3.678689e+000	0.000000e+000	2	2.947922e-001
1.404298e-001	1.753785e+000	-8.900721e-001	-7.590703e-001	1.404298e-001	1.325213e+000	-1.649142e+000	279	1.000000e+014
9.970790e-001	6.436700e-001	-5.755895e-001	-7.721439e-001	9.970790e-001	1.085783e+000	-1.347733e+000	232	1.000000e+014
6.767483e-001	5.766775e-001	-9.056478e-001	5.303330e-001	6.767483e-001	6.255181e-001	-9.056478e-001	177	1.000000e+014
4.572174e-001	5.656670e+000	-8.028146e-001	3.018172e+001	4.572174e-001	6.509652e+000	-8.028146e-001	124	1.000000e+014
9.798521e-001	4.073909e+000	-8.500334e-001	-7.670372e-001	9.798521e-001	5.620983e+000	-1.617071e+000	273	1.000000e+014
1.551844e-001	3.552925e+000	1.891355e+000	1.447468e+000	1.551844e-001	3.377096e+000	0.000000e+000	1	3.764469e-001
7.938796e-001	6.862801e-001	-8.430486e-001	-9.612334e-001	7.938796e-001	9.213039e-001	-1.804282e+000	299	1.000000e+014
9.214368e-001	4.830490e+000	-8.446499e-001	-6.105282e-001	9.214368e-001	6.450665e+000	-1.455178e+000	242	1.000000e+014
2.198134e-001	2.735132e+000	-5.425259e-001	-9.177683e-001	2.198134e-001	2.628172e+000	-1.460294e+000	245	1.000000e+014
5.039658e-001	6.536974e+000	-7.939914e-001	1.156262e+004	5.039658e-001	7.621416e+000	-7.939914e-001	116	1.000000e+014
4.863659e-001	3.087957e-001	-9.447450e-001	8.930729e-001	4.863659e-001	9.499870e-003	-9.447450e-001	193	1.000000e+014
1.232548e-001	6.454607e+000	-7.590897e-001	1.176778e+000	1.232548e-001	6.410304e+000	-7.590897e-001	89	1.000000e+014
5.922484e-001	6.895463e+000	-7.341273e-001	4.629493e+007	5.922484e-001	8.234017e+000	-7.341273e-001	77	1.000000e+014
1.528026e-001	3.606284e+000	2.627787e+000	3.607898e+000	1.528026e-001	3.428933e+000	0.000000e+000	1	3.882182e-002
1.310255e-002	5.731363e+000	-4.718474e-001	5.978014e-001	1.310255e-002	5.012028e+000	-4.718474e-001	37	1.000000e+014
7.832851e-001	4.037539e-001	-9.015839e-001	-9.842887e-001	7.832851e-001	4.806981e-001	-1.885873e+000	311	1.000000e+014
6.112622e-002	1.793295e+000	-8.974310e-001	-9.504981e-001	6.112622e-002	1.156350e+000	-1.847929e+000	307	1.000000e+014
2.985422e-001	8.565329e+000	-4.124886e-001	4.472880e+002	2.985422e-001	9.320649e+000	-4.124886e-001	29	1.000000e+014
1.295713e-001	4.637164e+000	1.146689e+000	2.192904e+000	1.295713e-001	4.479793e+000	0.000000e+000	2	3.232531e-001
9.470886e-001	4.686081e+000	-8.479336e-001	-8.431235e-001	9.470886e-001	6.318880e+000	-1.691057e+000	287	1.000000e+014
8.630280e-001	6.185782e+000	-7.412881e-001	8.452775e-001	8.630280e-001	7.967766e+000	-7.412881e-001	81	1.000000e+014
6.564881e-001	6.725718e+000	-7.360924e-001	3.986388e+000	6.564881e-001	8.180720e+000	-7.360924e-001	78	1.000000e+014
7.937054e-001	3.275548e+000	-6.310996e-001	-9.112631e-001	7.937054e-001	4.332916e+000	-1.542363e+000	258	1.000000e+014
4.698104e-002	2.803868e+000	-7.493609e-001	1.466870e-001	4.698104e-002	2.191063e+000	-7.493609e-001	84	1.000000e+014
2.867937e-001	4.100998e+000	1.365222e+000	-5.360818e-001	2.867937e-001	4.338334e+000	-5.360818e-001	45	1.000000e+014
8.057759e-001	7.305931e+000	-2.434424e-001	-3.953153e-001	8.057759e-001	9.168344e+000	-6.387577e-001	57	1.000000e+014
6.512406e-001	4.734372e+000	-8.047741e-001	2.323304e+000	6.512406e-001	5.845838e+000	-8.047741e-001	127	1.000000e+014
9.236003e-002	5.381267e+000	-4.167243e-001	-8.667579e-001	9.236003e-002	5.133950e+000	-1.283482e+000	223	1.000000e+014
9.359528e-001	7.731084e+000	7.673442e+000	-7.748390e-001	9.359528e-001	9.929433e+000	-7.748390e-001	102	1.000000e+014
3.782062e-001	1.371212e+000	-8.816036e-001	-9.001943e-001	3.782062e-001	1.304869e+000	-1.781798e+000	295	1.000000e+014
3.276462e-001	2.033505e+000	-7.719030e-001	3.020371e+007	3.276462e-001	2.029859e+000	-7.719030e-001	98	1.000000e+014
3.276350e-002	9.721127e+000	3.678228e-002	1.577069e+006	3.276350e-002	9.302103e+000	0.000000e+000	2	1.000000e+014
2.921564e-001	5.040927e+000	-6.135998e-001	1.679450e+023	2.921564e-001	5.409330e+000	-6.135998e-001	51	1.000000e+014
1.373915e-001	3.023699e+000	-4.808179e-001	-8.051406e-001	1.373915e-001	2.740584e+000	-1.285958e+000	224	1.000000e+014
1.277315e-001	2.486691e+000	-7.832092e-001	-9.368757e-001	1.277315e-001	2.117749e+000	-1.720085e+000	289	1.000000e+014
1.728323e-001	9.387331e-001	-9.305663e-001	2.151155e+003	1.728323e-001	4.371094e-001	-9.305663e-001	183	1.000000e+014
2.171722e-001	3.318630e+000	1.292387e+000	-8.812231e-001	2.171722e-001	3.283082e+000	-8.812231e-001	163	1.000000e+014
6.805900e-001	7.217487e-001	-8.852877e-001	7.797855e+000	6.805900e-001	8.411559e-001	-8.852877e-001	165	1.000000e+014
4.720142e-001	7.051346e-001	-9.253555e-001	-9.187614e-001	4.720142e-001	5.644658e-001	-1.844117e+000	305	1.000000e+014
4.998883e-001	2.668433e+000	5.500875e+000	6.045484e+000	4.998883e-001	3.100067e+000	0.000000e+000	2	2.678716e-001
2.168498e-001	3.511717e+000	5.438237e+000	-7.838521e-001	2.168498e-001	3.499501e+000	-7.838521e-001	108	1.000000e+014
6.348964e-001	2.978414e+000	1.311169e+000	-7.958199e-001	6.348964e-001	3.707159e+000	-7.958199e-001	120	1.000000e+014
4.556389e-001	7.375707e+000	-7.089099e-001	-7.623014e-001	4.556389e-001	8.450839e+000	-1.471211e+000	248	1.000000e+014
1.309159e-001	8.135250e+000	-7.164469e-001	-1.306166e-001	1.309159e-001	8.234786e+000	-8.470635e-001	151	1.000000e+014
7.576092e-001	6.343251e+000	-7.579882e-001	-8.397310e-001	7.576092e-001	7.946734e+000	-1.597719e+000	268	1.000000e+014
8.555129e-001	2.306358e+000	8.944774e-001	6.328208e+004	8.555129e-001	3.202478e+000	0.000000e+000	3	1.000000e+014
7.353137e-001	3.563043e+000	-6.608220e-001	-7.946026e-001	7.353137e-001	4.590557e+000	-1.455425e+000	243	1.000000e+014
8.193171e-001	4.436359e+000	-8.319810e-001	3.347384e-001	8.193171e-001	5.796044e+000	-8.319810e-001	147	1.000000e+014
3.281799e-001	1.492001e+000	-8.794284e-001	5.420021e-001	3.281799e-001	1.374819e+000	-8.794284e-001	162	1.000000e+014
7.095898e-001	7.868559e+000	3.021881e-001	4.497783e+003	7.095898e-001	9.612774e+000	0.000000e+000	5	7.021101e-001
9.905345e-001	5.343559e+000	-8.132088e-001	-3.974826e-001	9.905345e-001	7.192179e+000	-1.210691e+000	215	1.000000e+014
9.767869e-001	1.410218e+000	9.970760e+001	-9.612018e-001	9.767869e-001	2.169836e+000	-9.612018e-001	195	1.000000e+014
4.558258e-001	2.499921e+000	3.898639e-001	2.671583e+001	4.558258e-001	2.819380e+000	0.000000e+000	1	1.178835e-001
2.805247e-001	1.488046e+000	-8.900299e-001	8.706431e+001	2.805247e-001	1.289449e+000	-8.900299e-001	170	1.000000e+014
2.472762e-001	8.676708e+000	-4.350783e-001	1.792952e+000	2.472762e-001	9.270322e+000	-4.350783e-001	31	1.000000e+014
8.050369e-001	1.221796e+000	-4.755368e-001	-3.398203e-001	8.050369e-001	1.694647e+000	-8.153570e-001	135	1.000000e+014
6.205970e-001	2.713554e+000	1.889410e+001	-8.900022e-001	6.205970e-001	3.358134e+000	-8.900022e-001	169	1.000000e+014
4.721333e-001	7.673354e+000	-6.204597e-001	-8.028242e-001	4.721333e-001	8.827381e+000	-1.423284e+000	240	1.000000e+014
2.974498e-001	4.408128e+000	-6.969333e-002	1.157456e+000	2.974498e-001	4.711546e+000	-6.969333e-002	11	1.000000e+014
4.728394e-001	8.373111e+000	-8.586723e-002	-3.831453e-001	4.728394e-001	9.613285e+000	-4.690126e-001	36	1.000000e+014
8.092116e-001	9.821446e-001	-7.027165e-001	-8.893261e-001	8.092116e-001	1.365764e+000	-1.592043e+000	266	1.000000e+014
4.181417e-001	2.294366e+000	-4.370133e-001	4.154167e+001	4.181417e-001	2.504975e+000	-4.370133e-001	32	1.000000e+014
1.822979e-001	3.365247e+000	8.398242e-001	-7.286182e-001	1.822979e-001	3.244930e+000	-7.286182e-001	75	1.000000e+014
2.403852e-001	1.400509e+000	-9.035937e-001	1.538422e+004	2.403852e-001	1.113245e+000	-9.035937e-001	175	1.000000e+014
2.247643e-001	7.597777e+000	-7.545014e-001	2.287662e+003	2.247643e-001	8.021776e+000	-7.545014e-001	86	1.000000e+014
1.914896e-001	8.872320e+000	-4.083928e-001	-6.985039e-001	1.914896e-001	9.275017e+000	-1.106897e+000	202	1.000000e+014
2.526122e-001	3.725185e+000	6.108070e+002	-7.800460e-001	2.526122e-001	3.829745e+000	-7.800460e-001	106	1.000000e+014
4.118130e-001	1.730110e+000	-8.014230e-001	-7.599682e-001	4.118130e-001	1.804854e+000	-1.561391e+000	262	1.000000e+014
1.429943e-002	1.210135e+000	-9.237791e-001	-9.403800e-001	1.429943e-002	3.490249e-001	-1.864159e+000	309	1.000000e+014
9.835056e-001	7.391085e+000	2.378131e+000	-6.872341e-001	9.835056e-001	9.623458e+000	-6.872341e-001	69	1.000000e+014
6.597613e-001	2.782112e+000	3.011765e+000	-9.184579e-001	6.597613e-001	3.506393e+000	-9.184579e-001	179	1.000000e+014
7.962807e-001	7.914666e+000	1.985254e+000	2.760591e+002	7.962807e-001	9.854619e+000	0.000000e+000	6	1.000000e+014
7.189364e-001	7.336941e+000	-4.484460e-001	5.846575e+001	7.189364e-001	9.021062e+000	-4.484460e-001	34	1.000000e+014
4.848162e-001	2.416067e+000	3.854273e-001	4.255398e-001	4.848162e-001	2.767578e+000	0.000000e+000	1	3.592152e-001
4.948240e-001	2.917959e+000	4.901523e+002	1.110095e+003	4.948240e-001	3.392192e+000	0.000000e+000	2	5.885396e-002
2.168554e-001	8.645241e+000	-5.036843e-001	8.305480e-002	2.168554e-001	9.127177e+000	-5.036843e-001	42	1.000000e+014
9.074122e-001	5.888508e+000	-7.723268e-001	1.034560e+004	9.074122e-001	7.697878e+000	-7.723268e-001	99	1.000000e+014
6.303276e-002	5.068439e+000	1.962775e-001	-8.688853e-001	6.303276e-002	4.666057e+000	-8.688853e-001	156	1.000000e+014
5.938124e-001	6.733298e+000	-7.577614e-001	2.143117e+003	5.938124e-001	8.051706e+000	-7.577614e-001	87	1.000000e+014
2.753404e-001	2.670276e+000	-4.546492e-001	-7.307758e-001	2.753404e-001	2.676386e+000	-1.185425e+000	211	1.000000e+014
2.456222e-001	1.677956e+000	-8.774964e-001	1.129510e+004	2.456222e-001	1.454393e+000	-8.774964e-001	161	1.000000e+014
2.849304e-001	5.930976e+000	-7.729630e-001	-4.175587e-001	2.849304e-001	6.381192e+000	-1.190522e+000	213	1.000000e+014
1.452756e-001	8.032906e+000	-7.258663e-001	1.577857e+000	1.452756e-001	8.188254e+000	-7.258663e-001	74	1.000000e+014
8.243163e-001	2.576777e+000	9.102964e-002	2.011543e+000	8.243163e-001	3.503516e+000	0.000000e+000	3	5.730215e-001
7.531969e-001	7.953376e+000	1.243006e+000	1.089620e+016	7.531969e-001	9.806319e+000	0.000000e+000	6	1.000000e+014
8.126336e-001	1.397240e+000	-1.469591e-002	1.301445e+000	8.126336e-001	1.943968e+000	-1.469591e-002	8	1.000000e+014
9.780153e-001	4.563587e+000	-8.508614e-001	-8.834308e-001	9.780153e-001	6.221093e+000	-1.734292e+000	292	1.000000e+014
5.923562e-001	1.853525e+000	-3.863307e-001	-9.386106e-001	5.923562e-001	2.238588e+000	-1.324941e+000	230	1.000000e+014
5.107294e-001	4.084931e+000	-5.242155e-001	-4.144704e-001	5.107294e-001	4.807097e+000	-9.386859e-001	190	1.000000e+014
1.192651e-001	8.510030e+000	-6.499179e-001	-7.529860e-001	1.192651e-001	8.578873e+000	-1.402904e+000	235	1.000000e+014
6.465728e-001	2.441020e+000	2.509373e+002	-9.368570e-001	6.465728e-001	3.061539e+000	-9.368570e-001	189	1.000000e+014
9.494239e-001	3.890912e+000	-8.386743e-001	-7.838473e-001	9.494239e-001	5.345390e+000	-1.622522e+000	274	1.000000e+014
9.458674e-001	5.932175e+000	-7.502682e-001	4.198599e+007	9.458674e-001	7.820624e+000	-7.502682e-001	85	1.000000e+014
9.676818e-001	5.589268e+000	-7.930702e-001	9.304960e+000	9.676818e-001	7.448553e+000	-7.930702e-001	114	1.000000e+014
2.665374e-001	3.507323e+000	2.524234e+001	-8.981958e-001	2.665374e-001	3.616600e+000	-8.981958e-001	172	1.000000e+014
1.899831e-001	6.624643e+000	-7.839844e-001	-4.345945e-001	1.899831e-001	6.845509e+000	-1.218579e+000	216	1.000000e+014
2.303088e-001	9.238759e+000	2.268349e-001	-7.408047e-001	2.303088e-001	9.817138e+000	-7.408047e-001	80	1.000000e+014
4.653644e-001	3.243194e+000	1.147249e+001	1.224748e+002	4.653644e-001	3.726240e+000	0.000000e+000	2	2.847941e-001
1.741714e-001	4.004316e+000	1.279953e+002	1.940613e+002	1.741714e-001	3.931057e+000	0.000000e+000	3	1.000000e+014
4.950777e-001	3.354057e+000	2.226792e+000	6.979042e+002	4.950777e-001	3.913767e+000	0.000000e+000	3	8.499394e-001
4.106427e-003	2.472098e+000	-8.426308e-001	-3.384213e-001	4.106427e-003	1.574927e+000	-1.181052e+000	210	1.000000e+014
6.369368e-001	5.679543e+000	-8.221328e-001	-8.557722e-001	6.369368e-001	6.926464e+000	-1.677905e+000	283	1.000000e+014
9.107015e-001	7.521117e+000	1.493866e+000	-7.934742e-001	9.107015e-001	9.632938e+000	-7.934742e-001	115	1.000000e+014
3.728732e-001	7.383119e+000	-7.405848e-001	-7.841613e-001	3.728732e-001	8.239204e+000	-1.524746e+000	256	1.000000e+014
2.809703e-001	4.692012e+000	-3.784369e-001	3.006060e+002	2.809703e-001	4.989240e+000	-3.784369e-001	26	1.000000e+014
8.489571e-001	4.057873e+000	-8.207864e-001	-8.660934e-001	8.489571e-001	5.386332e+000	-1.686880e+000	285	1.000000e+014
9.136804e-001	5.025045e-001	-8.152657e-001	-9.687687e-001	9.136804e-001	7.765543e-001	-1.784034e+000	296	1.000000e+014
5.610712e-001	7.764758e+000	-4.576581e-001	-4.712388e-001	5.610712e-001	9.151305e+000	-9.288969e-001	182	1.000000e+014
3.032166e-001	1.727364e+000	-8.545967e-001	1.172421e+003	3.032166e-001	1.618398e+000	-8.545967e-001	153	1.000000e+014
6.799111e-001	3.534922e+000	-5.533555e-001	-7.328285e-002	6.799111e-001	4.462014e+000	-6.266384e-001	54	1.000000e+014
6.501449e-001	7.950698e+000	7.837655e-002	3.436749e+000	6.501449e-001	9.572459e+000	0.000000e+000	5	1.000000e+014
2.581192e-001	5.558723e+000	-7.162120e-001	6.791214e-001	2.581192e-001	5.892552e+000	-7.162120e-001	73	1.000000e+014
8.085272e-001	3.169450e-001	-9.067292e-001	-9.890106e-001	8.085272e-001	3.690417e-001	-1.895740e+000	312	1.000000e+014
3.410785e-001	8.420789e+000	-4.301776e-001	6.132037e+004	3.410785e-001	9.294629e+000	-4.301776e-001	30	1.000000e+014
6.816547e-001	2.037910e+000	2.435446e+000	-7.856638e-001	6.816547e-001	2.605649e+000	-7.856638e-001	109	1.000000e+014
1.378562e-001	6.546482e+000	-7.695748e-001	1.203620e+000	1.378562e-001	6.567894e+000	-7.695748e-001	96	1.000000e+014
8.382948e-001	2.628137e+000	-1.531675e-001	3.413586e+000	8.382948e-001	3.589633e+000	-1.531675e-001	15	1.000000e+014
7.976157e-001	6.044716e+000	-7.846464e-001	-5.563956e-001	7.976157e-001	7.675207e+000	-1.341042e+000	231	1.000000e+014
3.574350e-002	5.122686e+000	2.984756e-001	-8.694345e-001	3.574350e-002	4.568836e+000	-8.694345e-001	157	1.000000e+014
3.847962e-001	7.740404e+000	-6.686754e-001	-5.673841e-001	3.847962e-001	8.669320e+000	-1.236060e+000	218	1.000000e+014
6.644652e-001	4.699803e+000	-8.065220e-001	9.221876e+000	6.644652e-001	5.830155e+000	-8.065220e-001	129	1.000000e+014
5.866263e-001	7.713900e+000	-4.434028e-001	4.149867e-001	5.866263e-001	9.154586e+000	-4.434028e-001	33	1.000000e+014
5.398382e-001	6.159734e+000	-8.095892e-001	2.573370e+001	5.398382e-001	7.273051e+000	-8.095892e-001	132	1.000000e+014
9.721896e-001	2.736521e+000	-6.796310e-001	1.096438e+003	9.721896e-001	3.924587e+000	-6.796310e-001	67	1.000000e+014
4.284603e-001	5.647081e-001	-9.362403e-001	-9.617233e-001	4.284603e-001	3.154543e-001	-1.897964e+000	313	1.000000e+014
2.447085e-001	6.705365e+000	-7.918653e-001	-7.523360e-001	2.447085e-001	7.114510e+000	-1.544201e+000	260	1.000000e+014
2.345128e-001	2.624683e+000	-5.994779e-001	-8.779929e-001	2.345128e-001	2.535205e+000	-1.477471e+000	249	1.000000e+014
3.473171e-001	2.985353e+000	1.855058e+000	-3.755027e-001	3.473171e-001	3.191979e+000	-3.755027e-001	25	1.000000e+014
2.779735e-001	8.287201e+000	-5.881066e-001	3.128486e+004	2.779735e-001	8.950307e+000	-5.881066e-001	48	1.000000e+014
1.431808e-001	9.062550e+000	-3.681275e-001	-7.564579e-001	1.431808e-001	9.275503e+000	-1.124585e+000	206	1.000000e+014
9.159896e-001	3.169009e+000	-7.429290e-001	2.253832e+000	9.159896e-001	4.391242e+000	-7.429290e-001	83	1.000000e+014
4.140383e-001	7.377606e+000	-7.268096e-001	-8.157030e-001	4.140383e-001	8.344588e+000	-1.542513e+000	259	1.000000e+014
2.659415e-001	8.847430e+000	-2.432289e-001	1.019491e+000	2.659415e-001	9.520070e+000	-2.432289e-001	19	1.000000e+014
9.982218e-001	3.854914e+000	-8.476298e-001	8.376992e-002	9.982218e-001	5.378172e+000	-8.476298e-001	152	1.000000e+014
8.337662e-001	7.480563e+000	2.292505e-001	-3.860507e-001	8.337662e-001	9.429409e+000	-3.860507e-001	27	1.000000e+014
9.107579e-001	3.614785e+000	-8.073287e-001	-7.764193e-001	9.107579e-001	4.940876e+000	-1.583748e+000	264	1.000000e+014
2.514509e-001	4.008972e+000	5.242355e+000	-7.431069e-002	2.514509e-001	4.146560e+000	-7.431069e-002	12	1.000000e+014
4.054364e-001	2.273897e+000	-5.029980e-001	1.258258e+002	4.054364e-001	2.457949e+000	-5.029980e-001	41	1.000000e+014
2.360641e-002	4.036627e+000	3.668864e+000	6.196618e-001	2.360641e-002	3.357347e+000	0.000000e+000	1	1.000000e+014
4.612101e-001	6.235068e+000	-8.076321e-001	4.206014e+004	4.612101e-001	7.177063e+000	-8.076321e-001	131	1.000000e+014
