# This file contains stats about hypervolume
1 99993439.508230 
2 99993439.508230 
3 99993439.508230 
4 99994210.793247 
5 99994289.556968 
6 99994632.275916 
7 99998158.057865 
8 99998158.338115 
9 99998158.821309 
10 99998180.348730 
11 99998370.514974 
12 99998410.511591 
13 99998597.035229 
14 100002058.754060 
15 100002058.800754 
16 100002131.143486 
17 100002138.218585 
18 100002146.080760 
19 100002188.561935 
20 100002227.517800 
21 100002234.015485 
22 100002234.020360 
23 100002234.023544 
24 100002234.043356 
25 100002234.159735 
26 100002285.354034 
27 100002285.354812 
28 100002285.397231 
29 100002285.406367 
30 100002285.407460 
31 100002285.435442 
32 100002285.435646 
33 100002287.202543 
34 100002287.202766 
35 100002287.209487 
36 100002287.214462 
37 100002296.332050 
38 100002296.334619 
39 100002296.349400 
40 100002298.783392 
41 100002298.784413 
42 100002298.784904 
43 100002298.785666 
44 100002298.800095 
45 100002298.801581 
46 100002298.801863 
47 100002298.802042 
48 100002298.802232 
49 100002315.037170 
50 100002315.040201 
51 100002315.040282 
52 100002315.042750 
53 100002317.044627 
54 100002317.045378 
55 100002317.045425 
56 100002317.047065 
57 100002317.047088 
58 100002317.049585 
59 100002317.049869 
60 100002317.050008 
61 100002317.050105 
62 100002319.533756 
63 100002319.533790 
64 100002319.533951 
65 100002319.533980 
66 100002319.534066 
67 100002319.847788 
68 100002319.847781 
69 100002319.847847 
70 100002319.847985 
71 100002319.848485 
72 100002319.848621 
73 100002319.848862 
74 100002319.848920 
75 100002319.849543 
76 100002319.849519 
77 100002319.849985 
78 100002319.850253 
79 100002319.850278 
80 100002319.850221 
81 100002319.850600 
82 100002319.850634 
83 100002319.850640 
84 100002319.850948 
85 100002319.850967 
86 100002319.850976 
87 100002319.851077 
88 100002319.851708 
89 100002319.851617 
90 100002319.851719 
91 100002319.851756 
92 100002319.851834 
93 100002319.861764 
94 100002319.861883 
95 100002319.862908 
96 100002319.865855 
97 100002319.865836 
98 100002319.866359 
99 100002319.866331 
100 100002319.866425 
